2017-07-17 01:02:17,633 INFO o.s.t.c.s.DefaultTestContextBootstrapper [main] Loaded default TestExecutionListener class names from location [META-INF/spring.factories]: [org.springframework.test.context.web.ServletTestExecutionListener, org.springframework.test.context.support.DirtiesContextBeforeModesTestExecutionListener, org.springframework.test.context.support.DependencyInjectionTestExecutionListener, org.springframework.test.context.support.DirtiesContextTestExecutionListener, org.springframework.test.context.transaction.TransactionalTestExecutionListener, org.springframework.test.context.jdbc.SqlScriptsTestExecutionListener]
2017-07-17 01:02:17,659 INFO o.s.t.c.s.DefaultTestContextBootstrapper [main] Using TestExecutionListeners: [org.springframework.test.context.web.ServletTestExecutionListener@b66d36, org.springframework.test.context.support.DirtiesContextBeforeModesTestExecutionListener@23e5ee, org.springframework.test.context.support.DependencyInjectionTestExecutionListener@1ef2d72, org.springframework.test.context.support.DirtiesContextTestExecutionListener@1b2283a, org.springframework.test.context.transaction.TransactionalTestExecutionListener@a637e7, org.springframework.test.context.jdbc.SqlScriptsTestExecutionListener@1e7aac8]
2017-07-17 01:02:17,805 INFO o.s.b.f.x.XmlBeanDefinitionReader [main] Loading XML bean definitions from class path resource [applicationContext.xml]
2017-07-17 01:02:18,109 INFO o.s.c.s.GenericApplicationContext [main] Refreshing org.springframework.context.support.GenericApplicationContext@291ae: startup date [Mon Jul 17 01:02:18 CST 2017]; root of context hierarchy
2017-07-17 01:02:18,329 INFO o.s.b.f.c.PropertyPlaceholderConfigurer [main] Loading properties file from class path resource [config.properties]
2017-07-17 01:02:18,335 INFO o.s.b.f.a.AutowiredAnnotationBeanPostProcessor [main] JSR-330 'javax.inject.Inject' annotation found and supported for autowiring
2017-07-17 01:02:19,042 INFO o.s.c.s.DefaultLifecycleProcessor [main] Starting beans in phase 2147483647
2017-07-17 01:02:19,118 INFO z.RedisConnectionTest [main] test OperationNotNull
2017-07-17 01:11:03,119 INFO o.s.t.c.s.DefaultTestContextBootstrapper [main] Loaded default TestExecutionListener class names from location [META-INF/spring.factories]: [org.springframework.test.context.web.ServletTestExecutionListener, org.springframework.test.context.support.DirtiesContextBeforeModesTestExecutionListener, org.springframework.test.context.support.DependencyInjectionTestExecutionListener, org.springframework.test.context.support.DirtiesContextTestExecutionListener, org.springframework.test.context.transaction.TransactionalTestExecutionListener, org.springframework.test.context.jdbc.SqlScriptsTestExecutionListener]
2017-07-17 01:11:03,143 INFO o.s.t.c.s.DefaultTestContextBootstrapper [main] Using TestExecutionListeners: [org.springframework.test.context.web.ServletTestExecutionListener@a637e7, org.springframework.test.context.support.DirtiesContextBeforeModesTestExecutionListener@1e7aac8, org.springframework.test.context.support.DependencyInjectionTestExecutionListener@1119efb, org.springframework.test.context.support.DirtiesContextTestExecutionListener@19a969b, org.springframework.test.context.transaction.TransactionalTestExecutionListener@908cc0, org.springframework.test.context.jdbc.SqlScriptsTestExecutionListener@73d930]
2017-07-17 01:11:03,350 INFO o.s.b.f.x.XmlBeanDefinitionReader [main] Loading XML bean definitions from class path resource [applicationContext.xml]
2017-07-17 01:11:03,813 INFO o.s.c.s.GenericApplicationContext [main] Refreshing org.springframework.context.support.GenericApplicationContext@f7298b: startup date [Mon Jul 17 01:11:03 CST 2017]; root of context hierarchy
2017-07-17 01:11:04,051 INFO o.s.b.f.c.PropertyPlaceholderConfigurer [main] Loading properties file from class path resource [config.properties]
2017-07-17 01:11:04,057 INFO o.s.b.f.a.AutowiredAnnotationBeanPostProcessor [main] JSR-330 'javax.inject.Inject' annotation found and supported for autowiring
2017-07-17 01:11:04,857 INFO o.s.c.s.DefaultLifecycleProcessor [main] Starting beans in phase 2147483647
2017-07-17 01:11:04,936 INFO z.RedisConnectionTest [main] test OperationNotNull
2017-07-17 14:48:53,619 INFO o.s.t.c.s.DefaultTestContextBootstrapper [main] Loaded default TestExecutionListener class names from location [META-INF/spring.factories]: [org.springframework.test.context.web.ServletTestExecutionListener, org.springframework.test.context.support.DirtiesContextBeforeModesTestExecutionListener, org.springframework.test.context.support.DependencyInjectionTestExecutionListener, org.springframework.test.context.support.DirtiesContextTestExecutionListener, org.springframework.test.context.transaction.TransactionalTestExecutionListener, org.springframework.test.context.jdbc.SqlScriptsTestExecutionListener]
2017-07-17 14:48:53,634 INFO o.s.t.c.s.DefaultTestContextBootstrapper [main] Using TestExecutionListeners: [org.springframework.test.context.web.ServletTestExecutionListener@1184ab05, org.springframework.test.context.support.DirtiesContextBeforeModesTestExecutionListener@3aefe5e5, org.springframework.test.context.support.DependencyInjectionTestExecutionListener@149e0f5d, org.springframework.test.context.support.DirtiesContextTestExecutionListener@1b1473ab, org.springframework.test.context.transaction.TransactionalTestExecutionListener@2f7c2f4f, org.springframework.test.context.jdbc.SqlScriptsTestExecutionListener@6af93788]
2017-07-17 14:48:53,716 INFO o.s.b.f.x.XmlBeanDefinitionReader [main] Loading XML bean definitions from class path resource [applicationContext.xml]
2017-07-17 14:48:53,897 INFO o.s.c.s.GenericApplicationContext [main] Refreshing org.springframework.context.support.GenericApplicationContext@3427b02d: startup date [Mon Jul 17 14:48:53 CST 2017]; root of context hierarchy
2017-07-17 14:48:54,031 INFO o.s.b.f.c.PropertyPlaceholderConfigurer [main] Loading properties file from class path resource [config.properties]
2017-07-17 14:48:54,543 INFO o.s.c.s.DefaultLifecycleProcessor [main] Starting beans in phase 2147483647
2017-07-17 14:48:59,822 INFO o.s.c.s.GenericApplicationContext [Thread-3] Closing org.springframework.context.support.GenericApplicationContext@3427b02d: startup date [Mon Jul 17 14:48:53 CST 2017]; root of context hierarchy
2017-07-17 14:48:59,824 INFO o.s.c.s.DefaultLifecycleProcessor [Thread-3] Stopping beans in phase 2147483647
2017-07-17 14:49:32,586 INFO o.s.t.c.s.DefaultTestContextBootstrapper [main] Loaded default TestExecutionListener class names from location [META-INF/spring.factories]: [org.springframework.test.context.web.ServletTestExecutionListener, org.springframework.test.context.support.DirtiesContextBeforeModesTestExecutionListener, org.springframework.test.context.support.DependencyInjectionTestExecutionListener, org.springframework.test.context.support.DirtiesContextTestExecutionListener, org.springframework.test.context.transaction.TransactionalTestExecutionListener, org.springframework.test.context.jdbc.SqlScriptsTestExecutionListener]
2017-07-17 14:49:32,601 INFO o.s.t.c.s.DefaultTestContextBootstrapper [main] Using TestExecutionListeners: [org.springframework.test.context.web.ServletTestExecutionListener@460d0a57, org.springframework.test.context.support.DirtiesContextBeforeModesTestExecutionListener@47d90b9e, org.springframework.test.context.support.DependencyInjectionTestExecutionListener@1184ab05, org.springframework.test.context.support.DirtiesContextTestExecutionListener@3aefe5e5, org.springframework.test.context.transaction.TransactionalTestExecutionListener@149e0f5d, org.springframework.test.context.jdbc.SqlScriptsTestExecutionListener@1b1473ab]
2017-07-17 14:49:32,675 INFO o.s.b.f.x.XmlBeanDefinitionReader [main] Loading XML bean definitions from class path resource [applicationContext.xml]
2017-07-17 14:49:32,851 INFO o.s.c.s.GenericApplicationContext [main] Refreshing org.springframework.context.support.GenericApplicationContext@35ef1869: startup date [Mon Jul 17 14:49:32 CST 2017]; root of context hierarchy
2017-07-17 14:49:32,983 INFO o.s.b.f.c.PropertyPlaceholderConfigurer [main] Loading properties file from class path resource [config.properties]
2017-07-17 14:49:33,492 INFO o.s.c.s.DefaultLifecycleProcessor [main] Starting beans in phase 2147483647
2017-07-17 14:50:03,424 INFO o.s.t.c.s.DefaultTestContextBootstrapper [main] Loaded default TestExecutionListener class names from location [META-INF/spring.factories]: [org.springframework.test.context.web.ServletTestExecutionListener, org.springframework.test.context.support.DirtiesContextBeforeModesTestExecutionListener, org.springframework.test.context.support.DependencyInjectionTestExecutionListener, org.springframework.test.context.support.DirtiesContextTestExecutionListener, org.springframework.test.context.transaction.TransactionalTestExecutionListener, org.springframework.test.context.jdbc.SqlScriptsTestExecutionListener]
2017-07-17 14:50:03,439 INFO o.s.t.c.s.DefaultTestContextBootstrapper [main] Using TestExecutionListeners: [org.springframework.test.context.web.ServletTestExecutionListener@460d0a57, org.springframework.test.context.support.DirtiesContextBeforeModesTestExecutionListener@47d90b9e, org.springframework.test.context.support.DependencyInjectionTestExecutionListener@1184ab05, org.springframework.test.context.support.DirtiesContextTestExecutionListener@3aefe5e5, org.springframework.test.context.transaction.TransactionalTestExecutionListener@149e0f5d, org.springframework.test.context.jdbc.SqlScriptsTestExecutionListener@1b1473ab]
2017-07-17 14:50:03,511 INFO o.s.b.f.x.XmlBeanDefinitionReader [main] Loading XML bean definitions from class path resource [applicationContext.xml]
2017-07-17 14:50:03,690 INFO o.s.c.s.GenericApplicationContext [main] Refreshing org.springframework.context.support.GenericApplicationContext@7ed7259e: startup date [Mon Jul 17 14:50:03 CST 2017]; root of context hierarchy
2017-07-17 14:50:03,824 INFO o.s.b.f.c.PropertyPlaceholderConfigurer [main] Loading properties file from class path resource [config.properties]
2017-07-17 14:50:04,339 INFO o.s.c.s.DefaultLifecycleProcessor [main] Starting beans in phase 2147483647
2017-07-17 14:50:57,640 INFO o.s.t.c.s.DefaultTestContextBootstrapper [main] Loaded default TestExecutionListener class names from location [META-INF/spring.factories]: [org.springframework.test.context.web.ServletTestExecutionListener, org.springframework.test.context.support.DirtiesContextBeforeModesTestExecutionListener, org.springframework.test.context.support.DependencyInjectionTestExecutionListener, org.springframework.test.context.support.DirtiesContextTestExecutionListener, org.springframework.test.context.transaction.TransactionalTestExecutionListener, org.springframework.test.context.jdbc.SqlScriptsTestExecutionListener]
2017-07-17 14:50:57,654 INFO o.s.t.c.s.DefaultTestContextBootstrapper [main] Using TestExecutionListeners: [org.springframework.test.context.web.ServletTestExecutionListener@1184ab05, org.springframework.test.context.support.DirtiesContextBeforeModesTestExecutionListener@3aefe5e5, org.springframework.test.context.support.DependencyInjectionTestExecutionListener@149e0f5d, org.springframework.test.context.support.DirtiesContextTestExecutionListener@1b1473ab, org.springframework.test.context.transaction.TransactionalTestExecutionListener@2f7c2f4f, org.springframework.test.context.jdbc.SqlScriptsTestExecutionListener@6af93788]
2017-07-17 14:50:57,727 INFO o.s.b.f.x.XmlBeanDefinitionReader [main] Loading XML bean definitions from class path resource [applicationContext.xml]
2017-07-17 14:50:57,905 INFO o.s.c.s.GenericApplicationContext [main] Refreshing org.springframework.context.support.GenericApplicationContext@3427b02d: startup date [Mon Jul 17 14:50:57 CST 2017]; root of context hierarchy
2017-07-17 14:50:58,038 INFO o.s.b.f.c.PropertyPlaceholderConfigurer [main] Loading properties file from class path resource [config.properties]
2017-07-17 14:50:58,558 INFO o.s.c.s.DefaultLifecycleProcessor [main] Starting beans in phase 2147483647
2017-07-17 14:51:03,856 INFO o.s.c.s.GenericApplicationContext [Thread-3] Closing org.springframework.context.support.GenericApplicationContext@3427b02d: startup date [Mon Jul 17 14:50:57 CST 2017]; root of context hierarchy
2017-07-17 14:51:03,858 INFO o.s.c.s.DefaultLifecycleProcessor [Thread-3] Stopping beans in phase 2147483647
2017-07-17 14:51:34,205 INFO o.s.t.c.s.DefaultTestContextBootstrapper [main] Loaded default TestExecutionListener class names from location [META-INF/spring.factories]: [org.springframework.test.context.web.ServletTestExecutionListener, org.springframework.test.context.support.DirtiesContextBeforeModesTestExecutionListener, org.springframework.test.context.support.DependencyInjectionTestExecutionListener, org.springframework.test.context.support.DirtiesContextTestExecutionListener, org.springframework.test.context.transaction.TransactionalTestExecutionListener, org.springframework.test.context.jdbc.SqlScriptsTestExecutionListener]
2017-07-17 14:51:34,220 INFO o.s.t.c.s.DefaultTestContextBootstrapper [main] Using TestExecutionListeners: [org.springframework.test.context.web.ServletTestExecutionListener@47d90b9e, org.springframework.test.context.support.DirtiesContextBeforeModesTestExecutionListener@1184ab05, org.springframework.test.context.support.DependencyInjectionTestExecutionListener@3aefe5e5, org.springframework.test.context.support.DirtiesContextTestExecutionListener@149e0f5d, org.springframework.test.context.transaction.TransactionalTestExecutionListener@1b1473ab, org.springframework.test.context.jdbc.SqlScriptsTestExecutionListener@2f7c2f4f]
2017-07-17 14:51:34,292 INFO o.s.b.f.x.XmlBeanDefinitionReader [main] Loading XML bean definitions from class path resource [applicationContext.xml]
2017-07-17 14:51:34,468 INFO o.s.c.s.GenericApplicationContext [main] Refreshing org.springframework.context.support.GenericApplicationContext@28eaa59a: startup date [Mon Jul 17 14:51:34 CST 2017]; root of context hierarchy
2017-07-17 14:51:34,598 INFO o.s.b.f.c.PropertyPlaceholderConfigurer [main] Loading properties file from class path resource [config.properties]
2017-07-17 14:51:35,130 INFO o.s.c.s.DefaultLifecycleProcessor [main] Starting beans in phase 2147483647
2017-07-17 14:51:40,335 INFO o.s.c.s.GenericApplicationContext [Thread-3] Closing org.springframework.context.support.GenericApplicationContext@28eaa59a: startup date [Mon Jul 17 14:51:34 CST 2017]; root of context hierarchy
2017-07-17 14:51:40,336 INFO o.s.c.s.DefaultLifecycleProcessor [Thread-3] Stopping beans in phase 2147483647
2017-07-17 14:55:05,510 INFO o.s.t.c.s.DefaultTestContextBootstrapper [main] Loaded default TestExecutionListener class names from location [META-INF/spring.factories]: [org.springframework.test.context.web.ServletTestExecutionListener, org.springframework.test.context.support.DirtiesContextBeforeModesTestExecutionListener, org.springframework.test.context.support.DependencyInjectionTestExecutionListener, org.springframework.test.context.support.DirtiesContextTestExecutionListener, org.springframework.test.context.transaction.TransactionalTestExecutionListener, org.springframework.test.context.jdbc.SqlScriptsTestExecutionListener]
2017-07-17 14:55:05,525 INFO o.s.t.c.s.DefaultTestContextBootstrapper [main] Using TestExecutionListeners: [org.springframework.test.context.web.ServletTestExecutionListener@3c22fc4c, org.springframework.test.context.support.DirtiesContextBeforeModesTestExecutionListener@460d0a57, org.springframework.test.context.support.DependencyInjectionTestExecutionListener@47d90b9e, org.springframework.test.context.support.DirtiesContextTestExecutionListener@1184ab05, org.springframework.test.context.transaction.TransactionalTestExecutionListener@3aefe5e5, org.springframework.test.context.jdbc.SqlScriptsTestExecutionListener@149e0f5d]
2017-07-17 14:55:05,599 INFO o.s.b.f.x.XmlBeanDefinitionReader [main] Loading XML bean definitions from class path resource [applicationContext.xml]
2017-07-17 14:55:05,819 INFO o.s.c.s.GenericApplicationContext [main] Refreshing org.springframework.context.support.GenericApplicationContext@3d51f06e: startup date [Mon Jul 17 14:55:05 CST 2017]; root of context hierarchy
2017-07-17 14:55:05,954 INFO o.s.b.f.c.PropertyPlaceholderConfigurer [main] Loading properties file from class path resource [config.properties]
2017-07-17 14:55:06,464 INFO o.s.c.s.DefaultLifecycleProcessor [main] Starting beans in phase 2147483647
2017-07-17 14:55:11,677 INFO o.s.c.s.GenericApplicationContext [Thread-3] Closing org.springframework.context.support.GenericApplicationContext@3d51f06e: startup date [Mon Jul 17 14:55:05 CST 2017]; root of context hierarchy
2017-07-17 14:55:11,678 INFO o.s.c.s.DefaultLifecycleProcessor [Thread-3] Stopping beans in phase 2147483647
2017-07-17 14:56:14,161 INFO o.s.t.c.s.DefaultTestContextBootstrapper [main] Loaded default TestExecutionListener class names from location [META-INF/spring.factories]: [org.springframework.test.context.web.ServletTestExecutionListener, org.springframework.test.context.support.DirtiesContextBeforeModesTestExecutionListener, org.springframework.test.context.support.DependencyInjectionTestExecutionListener, org.springframework.test.context.support.DirtiesContextTestExecutionListener, org.springframework.test.context.transaction.TransactionalTestExecutionListener, org.springframework.test.context.jdbc.SqlScriptsTestExecutionListener]
2017-07-17 14:56:14,175 INFO o.s.t.c.s.DefaultTestContextBootstrapper [main] Using TestExecutionListeners: [org.springframework.test.context.web.ServletTestExecutionListener@3c22fc4c, org.springframework.test.context.support.DirtiesContextBeforeModesTestExecutionListener@460d0a57, org.springframework.test.context.support.DependencyInjectionTestExecutionListener@47d90b9e, org.springframework.test.context.support.DirtiesContextTestExecutionListener@1184ab05, org.springframework.test.context.transaction.TransactionalTestExecutionListener@3aefe5e5, org.springframework.test.context.jdbc.SqlScriptsTestExecutionListener@149e0f5d]
2017-07-17 14:56:14,246 INFO o.s.b.f.x.XmlBeanDefinitionReader [main] Loading XML bean definitions from class path resource [applicationContext.xml]
2017-07-17 14:56:14,424 INFO o.s.c.s.GenericApplicationContext [main] Refreshing org.springframework.context.support.GenericApplicationContext@3d51f06e: startup date [Mon Jul 17 14:56:14 CST 2017]; root of context hierarchy
2017-07-17 14:56:14,555 INFO o.s.b.f.c.PropertyPlaceholderConfigurer [main] Loading properties file from class path resource [config.properties]
2017-07-17 14:56:15,075 INFO o.s.c.s.DefaultLifecycleProcessor [main] Starting beans in phase 2147483647
2017-07-17 14:58:06,062 INFO o.s.t.c.s.DefaultTestContextBootstrapper [main] Loaded default TestExecutionListener class names from location [META-INF/spring.factories]: [org.springframework.test.context.web.ServletTestExecutionListener, org.springframework.test.context.support.DirtiesContextBeforeModesTestExecutionListener, org.springframework.test.context.support.DependencyInjectionTestExecutionListener, org.springframework.test.context.support.DirtiesContextTestExecutionListener, org.springframework.test.context.transaction.TransactionalTestExecutionListener, org.springframework.test.context.jdbc.SqlScriptsTestExecutionListener]
2017-07-17 14:58:06,077 INFO o.s.t.c.s.DefaultTestContextBootstrapper [main] Using TestExecutionListeners: [org.springframework.test.context.web.ServletTestExecutionListener@1184ab05, org.springframework.test.context.support.DirtiesContextBeforeModesTestExecutionListener@3aefe5e5, org.springframework.test.context.support.DependencyInjectionTestExecutionListener@149e0f5d, org.springframework.test.context.support.DirtiesContextTestExecutionListener@1b1473ab, org.springframework.test.context.transaction.TransactionalTestExecutionListener@2f7c2f4f, org.springframework.test.context.jdbc.SqlScriptsTestExecutionListener@6af93788]
2017-07-17 14:58:06,149 INFO o.s.b.f.x.XmlBeanDefinitionReader [main] Loading XML bean definitions from class path resource [applicationContext.xml]
2017-07-17 14:58:06,328 INFO o.s.c.s.GenericApplicationContext [main] Refreshing org.springframework.context.support.GenericApplicationContext@3427b02d: startup date [Mon Jul 17 14:58:06 CST 2017]; root of context hierarchy
2017-07-17 14:58:06,461 INFO o.s.b.f.c.PropertyPlaceholderConfigurer [main] Loading properties file from class path resource [config.properties]
2017-07-17 14:58:06,985 INFO o.s.c.s.DefaultLifecycleProcessor [main] Starting beans in phase 2147483647
2017-07-17 14:58:07,392 INFO o.s.b.f.x.XmlBeanDefinitionReader [main] Loading XML bean definitions from class path resource [org/springframework/jdbc/support/sql-error-codes.xml]
2017-07-17 14:58:07,408 INFO o.s.j.s.SQLErrorCodesFactory [main] SQLErrorCodes loaded: [DB2, Derby, H2, HSQL, Informix, MS-SQL, MySQL, Oracle, PostgreSQL, Sybase, Hana]
2017-07-17 14:58:07,417 INFO o.s.c.s.GenericApplicationContext [Thread-3] Closing org.springframework.context.support.GenericApplicationContext@3427b02d: startup date [Mon Jul 17 14:58:06 CST 2017]; root of context hierarchy
2017-07-17 14:58:07,417 INFO o.s.c.s.DefaultLifecycleProcessor [Thread-3] Stopping beans in phase 2147483647
2017-07-17 15:30:25,833 INFO o.s.t.c.s.DefaultTestContextBootstrapper [main] Loaded default TestExecutionListener class names from location [META-INF/spring.factories]: [org.springframework.test.context.web.ServletTestExecutionListener, org.springframework.test.context.support.DirtiesContextBeforeModesTestExecutionListener, org.springframework.test.context.support.DependencyInjectionTestExecutionListener, org.springframework.test.context.support.DirtiesContextTestExecutionListener, org.springframework.test.context.transaction.TransactionalTestExecutionListener, org.springframework.test.context.jdbc.SqlScriptsTestExecutionListener]
2017-07-17 15:30:25,849 INFO o.s.t.c.s.DefaultTestContextBootstrapper [main] Using TestExecutionListeners: [org.springframework.test.context.web.ServletTestExecutionListener@460d0a57, org.springframework.test.context.support.DirtiesContextBeforeModesTestExecutionListener@47d90b9e, org.springframework.test.context.support.DependencyInjectionTestExecutionListener@1184ab05, org.springframework.test.context.support.DirtiesContextTestExecutionListener@3aefe5e5, org.springframework.test.context.transaction.TransactionalTestExecutionListener@149e0f5d, org.springframework.test.context.jdbc.SqlScriptsTestExecutionListener@1b1473ab]
2017-07-17 15:30:25,920 INFO o.s.b.f.x.XmlBeanDefinitionReader [main] Loading XML bean definitions from class path resource [applicationContext.xml]
2017-07-17 15:30:26,099 INFO o.s.c.s.GenericApplicationContext [main] Refreshing org.springframework.context.support.GenericApplicationContext@7ed7259e: startup date [Mon Jul 17 15:30:26 CST 2017]; root of context hierarchy
2017-07-17 15:30:26,232 INFO o.s.b.f.c.PropertyPlaceholderConfigurer [main] Loading properties file from class path resource [config.properties]
2017-07-17 15:30:26,757 INFO o.s.c.s.DefaultLifecycleProcessor [main] Starting beans in phase 2147483647
2017-07-17 15:30:27,097 INFO o.s.c.s.GenericApplicationContext [Thread-3] Closing org.springframework.context.support.GenericApplicationContext@7ed7259e: startup date [Mon Jul 17 15:30:26 CST 2017]; root of context hierarchy
2017-07-17 15:30:27,098 INFO o.s.c.s.DefaultLifecycleProcessor [Thread-3] Stopping beans in phase 2147483647
2017-07-17 16:12:41,456 INFO o.s.t.c.s.DefaultTestContextBootstrapper [main] Loaded default TestExecutionListener class names from location [META-INF/spring.factories]: [org.springframework.test.context.web.ServletTestExecutionListener, org.springframework.test.context.support.DirtiesContextBeforeModesTestExecutionListener, org.springframework.test.context.support.DependencyInjectionTestExecutionListener, org.springframework.test.context.support.DirtiesContextTestExecutionListener, org.springframework.test.context.transaction.TransactionalTestExecutionListener, org.springframework.test.context.jdbc.SqlScriptsTestExecutionListener]
2017-07-17 16:12:41,471 INFO o.s.t.c.s.DefaultTestContextBootstrapper [main] Using TestExecutionListeners: [org.springframework.test.context.web.ServletTestExecutionListener@1184ab05, org.springframework.test.context.support.DirtiesContextBeforeModesTestExecutionListener@3aefe5e5, org.springframework.test.context.support.DependencyInjectionTestExecutionListener@149e0f5d, org.springframework.test.context.support.DirtiesContextTestExecutionListener@1b1473ab, org.springframework.test.context.transaction.TransactionalTestExecutionListener@2f7c2f4f, org.springframework.test.context.jdbc.SqlScriptsTestExecutionListener@6af93788]
2017-07-17 16:12:41,544 INFO o.s.b.f.x.XmlBeanDefinitionReader [main] Loading XML bean definitions from class path resource [applicationContext.xml]
2017-07-17 16:12:41,717 INFO o.s.c.s.GenericApplicationContext [main] Refreshing org.springframework.context.support.GenericApplicationContext@3427b02d: startup date [Mon Jul 17 16:12:41 CST 2017]; root of context hierarchy
2017-07-17 16:12:41,851 INFO o.s.b.f.c.PropertyPlaceholderConfigurer [main] Loading properties file from class path resource [config.properties]
2017-07-17 16:12:42,347 INFO o.s.c.s.DefaultLifecycleProcessor [main] Starting beans in phase 2147483647
2017-07-17 16:12:42,721 INFO o.s.c.s.GenericApplicationContext [Thread-3] Closing org.springframework.context.support.GenericApplicationContext@3427b02d: startup date [Mon Jul 17 16:12:41 CST 2017]; root of context hierarchy
2017-07-17 16:12:42,722 INFO o.s.c.s.DefaultLifecycleProcessor [Thread-3] Stopping beans in phase 2147483647
